<?xml version="1.0" encoding="UTF-8"?>
<!-- Generated by org.testng.reporters.JUnitXMLReporter -->
<testsuite ignored="0" hostname="Vaijnaths-MacBook-Pro.local" failures="1" tests="1" name="TestProject" time="0.046" errors="0" timestamp="2024-06-29T10:22:07 EDT">
  <testcase classname="com.infini.tests.InfyniAppLoginTestCase" name="infyniLoginTest" time="0.0">
    <failure type="org.testng.TestNGException" message="
Parameter &amp;apos;email&amp;apos; is required by @Test on method infyniLoginTest but has not been marked @Optional or defined
in /Users/PriyaJadhawar/Library/Caches/JetBrains/IntelliJIdea2024.1/temp-testng-customsuite.xml">
      <![CDATA[org.testng.TestNGException: 
Parameter 'email' is required by @Test on method infyniLoginTest but has not been marked @Optional or defined
in /Users/PriyaJadhawar/Library/Caches/JetBrains/IntelliJIdea2024.1/temp-testng-customsuite.xml
at java.base/java.util.ArrayList.forEach(ArrayList.java:1541)
at com.intellij.rt.testng.IDEARemoteTestNG.run(IDEARemoteTestNG.java:65)
at com.intellij.rt.testng.RemoteTestNGStarter.main(RemoteTestNGStarter.java:105)
... Removed 23 stack frames]]>
    </failure>
  </testcase> <!-- infyniLoginTest -->
</testsuite> <!-- TestProject -->
